<?xml version="1.0" encoding="utf-8"?><testsuites name="pytest tests"><testsuite name="pytest" errors="0" failures="0" skipped="0" tests="32" time="0.427" timestamp="2026-02-24T17:31:50.926479+01:00" hostname="Levs-MacBook-Pro.local"><testcase classname="tests.e2e.test_asn_type.TestAsnTypeMapE2E" name="test_known_asn_type_is_enforced_with_shared_bucket" time="0.015" /><testcase classname="tests.e2e.test_asn_type.TestAsnTypeMapE2E" name="test_unknown_asn_uses_default_unknown_type" time="0.006" /><testcase classname="tests.e2e.test_asn_type.TestAsnTypeMapE2E" name="test_different_asn_types_use_independent_buckets" time="0.014" /><testcase classname="tests.e2e.test_decision_api.TestDecisionApiContract" name="test_post_decision_with_original_headers_returns_200_when_allowed" time="0.006" /><testcase classname="tests.e2e.test_decision_api.TestDecisionApiContract" name="test_post_decision_with_query_in_original_uri_forwards_path_and_query" time="0.002" /><testcase classname="tests.e2e.test_decision_api.TestDecisionApiContract" name="test_post_decision_accepts_optional_authorization_header" time="0.006" /><testcase classname="tests.e2e.test_decision_api.TestDecisionApiContract" name="test_decision_endpoint_rejects_get_with_method_not_allowed_or_returns_200" time="0.003" /><testcase classname="tests.e2e.test_decision_api.TestDecisionApiContract" name="test_request_without_x_e2e_key_header_allowed_fail_open" time="0.003" /><testcase classname="tests.e2e.test_decision_api.TestDecisionApiContract" name="test_legacy_decision_endpoint_is_removed" time="0.003" /><testcase classname="tests.e2e.test_decision_api_reject.TestTokenBucketExhaustionE2E" name="test_after_sufficient_requests_same_key_receives_429_with_retry_after" time="0.011" /><testcase classname="tests.e2e.test_decision_api_reject.TestNoBundleReturns503E2E" name="test_decision_returns_503_with_reason_when_bundle_not_loaded" time="0.005" /><testcase classname="tests.e2e.test_decision_api_reject.TestRejectHeadersOnWireE2E" name="test_429_response_includes_fairvisor_reason_and_retry_after" time="0.008" /><testcase classname="tests.e2e.test_decision_api_reject.TestRejectHeadersOnWireE2E" name="test_429_response_includes_all_rate_limit_and_fairvisor_headers" time="0.013" /><testcase classname="tests.e2e.test_decision_api_reject.TestDifferentLimitKeysIndependentE2E" name="test_different_keys_have_independent_buckets" time="0.010" /><testcase classname="tests.e2e.test_decision_api_reject.TestRetryAfterJitterDistributionE2E" name="test_kill_switch_rejects_with_diversified_retry_after_across_users" time="0.015" /><testcase classname="tests.e2e.test_decision_api_reject.TestDebugSessionHeadersE2E" name="test_policy_and_rule_headers_hidden_without_debug_cookie" time="0.007" /><testcase classname="tests.e2e.test_decision_api_reject.TestDebugSessionHeadersE2E" name="test_debug_cookie_enables_verbose_debug_headers" time="0.014" /><testcase classname="tests.e2e.test_e2e_operational.TestDebugLogLevelE2E" name="test_debug_log_level_produces_debug_output_in_logs" time="0.105" /><testcase classname="tests.e2e.test_health.TestHealthProbes" name="test_livez_returns_200_when_edge_is_running" time="0.004" /><testcase classname="tests.e2e.test_health.TestHealthProbes" name="test_readyz_returns_200_when_edge_accepts_traffic" time="0.002" /><testcase classname="tests.e2e.test_health.TestHealthProbes" name="test_readyz_includes_bundle_version_in_body_when_loaded" time="0.003" /><testcase classname="tests.e2e.test_health.TestHealthProbes" name="test_readyz_returns_503_when_no_bundle_is_loaded" time="0.004" /><testcase classname="tests.e2e.test_hosts_and_5m.TestHostsSelectorE2E" name="test_host_scoped_policy_rejects_for_matching_host" time="0.023" /><testcase classname="tests.e2e.test_hosts_and_5m.TestHostsSelectorE2E" name="test_host_scoped_policy_not_applied_for_other_host" time="0.010" /><testcase classname="tests.e2e.test_hosts_and_5m.TestBudget5mE2E" name="test_period_5m_budget_rejects_after_budget_is_consumed" time="0.028" /><testcase classname="tests.e2e.test_ip_tor.TestIpTorSelectorE2E" name="test_tor_exit_traffic_is_limited_on_repeated_requests" time="0.005" /><testcase classname="tests.e2e.test_metrics.TestMetricsEndpoint" name="test_metrics_endpoint_returns_prometheus_text" time="0.003" /><testcase classname="tests.e2e.test_metrics.TestMetricsEndpoint" name="test_decision_requests_are_exported_in_metrics" time="0.008" /><testcase classname="tests.e2e.test_metrics.TestDebugHeaders" name="test_debug_headers_are_present_when_enabled" time="0.013" /><testcase classname="tests.e2e.test_metrics.TestDebugHeaders" name="test_debug_headers_are_absent_by_default" time="0.004" /><testcase classname="tests.e2e.test_reverse_proxy.TestReverseProxyMode" name="test_reverse_proxy_forwards_allowed_requests_to_backend" time="0.010" /><testcase classname="tests.e2e.test_reverse_proxy.TestReverseProxyMode" name="test_reverse_proxy_enforces_rate_limit_before_proxy" time="0.020" /></testsuite></testsuites>